<?xml version="1.0" encoding="UTF-8"?>
<testng-results skipped="0" failed="0" ignored="0" total="1" passed="1">
  <reporter-output>
  </reporter-output>
  <suite name="Default suite" duration-ms="33524" started-at="2020-07-25T00:06:39 CDT" finished-at="2020-07-25T00:07:13 CDT">
    <groups>
    </groups>
    <test name="Default test" duration-ms="33524" started-at="2020-07-25T00:06:39 CDT" finished-at="2020-07-25T00:07:13 CDT">
      <class name="testPage.CreateAccountTest">
        <test-method status="PASS" signature="setUp()[pri:0, instance:testPage.CreateAccountTest@3a883ce7]" name="setUp" is-config="true" duration-ms="22168" started-at="2020-07-25T00:06:39 CDT" finished-at="2020-07-25T00:07:02 CDT">
          <reporter-output>
          </reporter-output>
        </test-method> <!-- setUp -->
        <test-method status="PASS" signature="createAccountTest()[pri:0, instance:testPage.CreateAccountTest@3a883ce7]" name="createAccountTest" duration-ms="10965" started-at="2020-07-25T00:07:02 CDT" finished-at="2020-07-25T00:07:13 CDT">
          <reporter-output>
          </reporter-output>
        </test-method> <!-- createAccountTest -->
        <test-method status="PASS" signature="closeEverything()[pri:0, instance:testPage.CreateAccountTest@3a883ce7]" name="closeEverything" is-config="true" duration-ms="294" started-at="2020-07-25T00:07:13 CDT" finished-at="2020-07-25T00:07:13 CDT">
          <reporter-output>
          </reporter-output>
        </test-method> <!-- closeEverything -->
      </class> <!-- testPage.CreateAccountTest -->
    </test> <!-- Default test -->
  </suite> <!-- Default suite -->
</testng-results>
